2026-03-23 11:23:04,262 - INFO - Новая игра. Загадано слово: алгоритмизация (гласные открыты)
2026-03-23 11:23:04,262 - INFO - Игра запущена
2026-03-23 11:23:11,581 - INFO - Буква 'л' есть в слове
2026-03-23 11:23:13,231 - INFO - Буква 'г' есть в слове
2026-03-23 11:23:14,982 - INFO - Буква 'р' есть в слове
2026-03-23 11:23:25,664 - INFO - Буква 'т' есть в слове
2026-03-23 11:23:27,265 - INFO - Буква 'м' есть в слове
2026-03-23 11:23:29,615 - INFO - Буква 'з' есть в слове
2026-03-23 11:23:31,514 - INFO - Буква 'ц' есть в слове
2026-03-23 11:23:31,515 - INFO - Победа! Слово 'алгоритмизация' угадано
2026-03-23 11:23:31,524 - INFO - Открыто окно окончания игры: Победа!
2026-03-25 12:58:58,747 - INFO - Новая игра. Загадано слово: компьютер (гласные открыты)
2026-03-25 12:58:58,747 - INFO - Игра запущена
2026-03-25 12:59:07,263 - INFO - Буква 'к' есть в слове
2026-03-25 12:59:09,180 - INFO - Буква 'м' есть в слове
2026-03-25 12:59:12,830 - INFO - Буква 'п' есть в слове
2026-03-25 12:59:14,965 - INFO - Буква 'ж' отсутствует в слове, осталось попыток: 5
2026-03-25 12:59:17,096 - INFO - Повторный ввод буквы: к
2026-03-25 12:59:22,346 - INFO - Буква 'т' есть в слове
2026-03-25 12:59:24,231 - INFO - Буква 'р' есть в слове
2026-03-25 12:59:26,863 - INFO - Буква 'ь' есть в слове
2026-03-25 12:59:26,864 - INFO - Победа! Слово 'компьютер' угадано
2026-03-25 12:59:26,871 - INFO - Открыто окно окончания игры: Победа!
2026-03-25 12:59:28,654 - INFO - Окно окончания игры закрыто
2026-03-25 13:00:10,096 - INFO - Новая игра. Загадано слово: алгоритмизация (гласные открыты)
2026-03-25 13:00:10,096 - INFO - Игра запущена
2026-03-25 13:00:17,228 - INFO - Открыто окно статистики
2026-03-25 13:00:20,817 - INFO - Статистика сброшена пользователем
2026-03-25 13:00:24,799 - INFO - Окно статистики закрыто
2026-03-25 13:00:26,604 - INFO - Открыто окно правил
2026-03-25 13:00:28,336 - INFO - Окно правил закрыто
2026-03-27 08:37:03,662 - INFO - Новая игра. Загадано слово: алгоритмизация (гласные открыты)
2026-03-27 08:37:03,663 - INFO - Игра запущена
2026-03-27 08:37:10,719 - INFO - Попытка ввода не русской буквы: k
2026-03-27 08:37:13,670 - INFO - Буква 'л' есть в слове
2026-03-27 08:37:15,569 - INFO - Буква 'г' есть в слове
2026-03-27 08:37:19,919 - INFO - Буква 'р' есть в слове
2026-03-27 08:37:22,086 - INFO - Буква 'т' есть в слове
2026-03-27 08:37:24,602 - INFO - Буква 'с' отсутствует в слове, осталось попыток: 5
2026-03-27 08:37:26,036 - INFO - Буква 'м' есть в слове
2026-03-27 08:37:27,853 - INFO - Буква 'з' есть в слове
2026-03-27 08:37:29,802 - INFO - Буква 'ц' есть в слове
2026-03-27 08:37:29,803 - INFO - Победа! Слово 'алгоритмизация' угадано
2026-03-27 08:37:29,812 - INFO - Открыто окно окончания игры: Победа!
2026-03-27 08:37:33,076 - INFO - Окно окончания игры закрыто
